<?xml version="1.0" encoding="UTF-8" ?>
<testsuite errors="0" failures="0" hostname="fedora" name="tdd.TicTacToeTest" skipped="0" tests="5" time="0.068" timestamp="2026-06-18T10:11:01">
  <properties>
[...]
</properties>
  <testcase classname="tdd.TicTacToeTest" name="verifyBoardSizeTest" time="0.006" />
  <testcase classname="tdd.TicTacToeTest" name="handleWinnerTest" time="0.0" />
  <testcase classname="tdd.TicTacToeTest" name="isValidPositionTest" time="0.002" />
  <testcase classname="tdd.TicTacToeTest" name="isFullTest" time="0.0" />
  <testcase classname="tdd.TicTacToeTest" name="checkWin" time="0.0" />
  <system-out><![CDATA[Invalid board size. Please enter a number between 3 and 10.
Invalid board size. Please enter a number between 3 and 10.
Invalid board size. Please enter a number between 3 and 10.
Invalid board size. Please enter a number between 3 and 10.
Invalid board size. Please enter a number between 3 and 10.
Invalid board size. Please enter a number between 3 and 10.
Invalid board size. Please enter a number between 3 and 10.
Invalid board size. Please enter a number between 3 and 10.
Invalid board size. Please enter a number between 3 and 10.
Invalid board size. Please enter a number between 3 and 10.
Invalid board size. Please enter a number between 3 and 10.
Invalid board size. Please enter a number between 3 and 10.
Invalid input. Please enter a valid number for the board size.
Invalid input. Please enter a valid number for the board size.
PLAYER-1has won this round!
PLAYER-1has won this round!
]]></system-out>
  <system-err><![CDATA[]]></system-err>
</testsuite>
